<?xml version="1.0" encoding="UTF-8"?>
<!-- Generated by org.testng.reporters.JUnitXMLReporter -->
<testsuite hostname="Dell-PC" ignored="0" name="My Own POM Project Test Cases" tests="2" failures="0" timestamp="16 Sep 2018 09:20:06 GMT" time="101.387" errors="0">
  <testcase name="LoginPageTitleTest" time="0.118" classname="com.crm.qa.testcases.LoginPageTest"/>
  <testcase name="loginTest" time="18.866" classname="com.crm.qa.testcases.LoginPageTest"/>
</testsuite> <!-- My Own POM Project Test Cases -->
