<?xml version="1.0" encoding="UTF-8"?>
<!-- Generated by org.testng.reporters.JUnitXMLReporter -->
<testsuite hostname="Dell-PC" ignored="0" name="Command line test" tests="6" failures="0" timestamp="14 Sep 2018 08:43:17 GMT" time="389.472" errors="0">
  <testcase name="verifyContactsPageLabel" time="0.128" classname="com.crm.qa.testcases.ContactsPageTest"/>
  <testcase name="verifyCreateContactTest" time="13.521" classname="com.crm.qa.testcases.ContactsPageTest"/>
  <testcase name="verifyCreateContactTest" time="12.877" classname="com.crm.qa.testcases.ContactsPageTest"/>
  <testcase name="verifyCreateContactTest" time="12.809" classname="com.crm.qa.testcases.ContactsPageTest"/>
  <testcase name="verifyhomePageTitleTest" time="0.012" classname="com.crm.qa.testcases.HomePageTest"/>
  <testcase name="LoginPageTitleTest" time="0.074" classname="com.crm.qa.testcases.LoginPageTest"/>
</testsuite> <!-- Command line test -->
