<?xml version="1.0" encoding="UTF-8" ?>
<testsuite tests="6" failures="0" name="TestSuite" time="39.43" errors="0" skipped="0">
  <properties>
[...]
</properties>
  <testcase classname="com.crm.qa.testcases.ContactsPageTest" name="verifyContactsPageLabel" time="0.134"/>
  <testcase classname="com.crm.qa.testcases.ContactsPageTest" name="verifyCreateContactTest" time="13.523"/>
  <testcase classname="com.crm.qa.testcases.ContactsPageTest" name="verifyCreateContactTest" time="12.879"/>
  <testcase classname="com.crm.qa.testcases.ContactsPageTest" name="verifyCreateContactTest" time="12.809"/>
  <testcase classname="com.crm.qa.testcases.HomePageTest" name="verifyhomePageTitleTest" time="0.012"/>
  <testcase classname="com.crm.qa.testcases.LoginPageTest" name="LoginPageTitleTest" time="0.073"/>
</testsuite>